2024-01-24 13:14:35,518 [myid:] - INFO  [main:QuorumPeerConfig@173] - Reading configuration from: /home/nvidia/lzj/iot/zookeeper/zookeeper/bin/../conf/zoo.cfg
2024-01-24 13:14:35,538 [myid:] - INFO  [main:QuorumPeerConfig@459] - clientPortAddress is 0.0.0.0:2181
2024-01-24 13:14:35,539 [myid:] - INFO  [main:QuorumPeerConfig@463] - secureClientPort is not set
2024-01-24 13:14:35,539 [myid:] - INFO  [main:QuorumPeerConfig@479] - observerMasterPort is not set
2024-01-24 13:14:35,541 [myid:] - INFO  [main:QuorumPeerConfig@496] - metricsProvider.className is org.apache.zookeeper.metrics.impl.DefaultMetricsProvider
2024-01-24 13:14:35,548 [myid:] - INFO  [main:DatadirCleanupManager@78] - autopurge.snapRetainCount set to 3
2024-01-24 13:14:35,548 [myid:] - INFO  [main:DatadirCleanupManager@79] - autopurge.purgeInterval set to 0
2024-01-24 13:14:35,549 [myid:] - INFO  [main:DatadirCleanupManager@101] - Purge task is not scheduled.
2024-01-24 13:14:35,549 [myid:] - WARN  [main:QuorumPeerMain@138] - Either no config or no quorum defined in config, running in standalone mode
2024-01-24 13:14:35,561 [myid:] - INFO  [main:ManagedUtil@44] - Log4j 1.2 jmx support found and enabled.
2024-01-24 13:14:35,590 [myid:] - INFO  [main:QuorumPeerConfig@173] - Reading configuration from: /home/nvidia/lzj/iot/zookeeper/zookeeper/bin/../conf/zoo.cfg
2024-01-24 13:14:35,591 [myid:] - INFO  [main:QuorumPeerConfig@459] - clientPortAddress is 0.0.0.0:2181
2024-01-24 13:14:35,592 [myid:] - INFO  [main:QuorumPeerConfig@463] - secureClientPort is not set
2024-01-24 13:14:35,592 [myid:] - INFO  [main:QuorumPeerConfig@479] - observerMasterPort is not set
2024-01-24 13:14:35,593 [myid:] - INFO  [main:QuorumPeerConfig@496] - metricsProvider.className is org.apache.zookeeper.metrics.impl.DefaultMetricsProvider
2024-01-24 13:14:35,593 [myid:] - INFO  [main:ZooKeeperServerMain@122] - Starting server
2024-01-24 13:14:35,641 [myid:] - INFO  [main:ServerMetrics@62] - ServerMetrics initialized with provider org.apache.zookeeper.metrics.impl.DefaultMetricsProvider@71be98f5
2024-01-24 13:14:35,652 [myid:] - INFO  [main:FileTxnSnapLog@124] - zookeeper.snapshot.trust.empty : false
2024-01-24 13:14:35,654 [myid:] - ERROR [main:ZooKeeperServerMain@80] - Unable to access datadir, exiting abnormally
org.apache.zookeeper.server.persistence.FileTxnSnapLog$DatadirException: Cannot write to data directory /home/nvidia/zookeeper/data/version-2
	at org.apache.zookeeper.server.persistence.FileTxnSnapLog.<init>(FileTxnSnapLog.java:140)
	at org.apache.zookeeper.server.ZooKeeperServerMain.runFromConfig(ZooKeeperServerMain.java:137)
	at org.apache.zookeeper.server.ZooKeeperServerMain.initializeAndRun(ZooKeeperServerMain.java:112)
	at org.apache.zookeeper.server.ZooKeeperServerMain.main(ZooKeeperServerMain.java:67)
	at org.apache.zookeeper.server.quorum.QuorumPeerMain.initializeAndRun(QuorumPeerMain.java:140)
	at org.apache.zookeeper.server.quorum.QuorumPeerMain.main(QuorumPeerMain.java:90)
Unable to access datadir, exiting abnormally
2024-01-24 13:14:35,662 [myid:] - INFO  [main:ZKAuditProvider@42] - ZooKeeper audit is disabled.
2024-01-24 13:14:35,669 [myid:] - ERROR [main:ServiceUtils@42] - Exiting JVM with code 3
